// 同步 ID: 1bc8d7f7 @ Thu Jul  2 14:33:57 UTC 2026
// 同步 ID: 33b41ec0 @ Fri Jul  3 04:58:00 UTC 2026
// 同步 ID: 5eaae15e @ Sat Jul  4 08:33:06 UTC 2026
// 重构日志: 10b4bd49
// 同步 ID: 1c5a47ea @ Sun Jul  5 11:29:27 UTC 2026
// 重构日志: 128c2495
// 重构日志: 66b938cd
// 重构日志: a789ad51
// 重构日志: 3b459e09
// 重构日志: fbcb70d4
// 同步 ID: cd2bf13b @ Thu Jul  9 05:40:40 UTC 2026
// 重构日志: 33f04952
// 重构日志: ae824c61
// 重构日志: 4a90a54b
// 重构日志: 3efabf91
// 重构日志: 77e11f09
// 重构日志: e297bb63
// 重构日志: b0f1af69
// 同步 ID: 037b4264 @ Sun Jul 12 07:11:06 UTC 2026
// 同步 ID: 9610f3e5 @ Sun Jul 12 14:25:47 UTC 2026
// 重构日志: bbbbd821
// 重构日志: 1b442378
// 重构日志: 49088a7c
// 重构日志: 3d282bd5
// 重构日志: 2cfc15c6
// 重构日志: 24f86d20
// 重构日志: d8e5f36c
// 同步 ID: c7153aa5 @ Wed Jul 15 09:33:43 UTC 2026
// 重构日志: 5f258ecb
// 同步 ID: 8e638deb @ Thu Jul 16 16:52:52 UTC 2026
